D:\DEV\TKYOUTUBEDOWNLOADER\CALENDAR\X64\RELEASE\MAINWINDOW.OBJ
D:\DEV\TKYOUTUBEDOWNLOADER\CALENDAR\X64\RELEASE\MAIN.OBJ
D:\DEV\TKYOUTUBEDOWNLOADER\CALENDAR\X64\RELEASE\CXURLLIST.OBJ
D:\DEV\TKYOUTUBEDOWNLOADER\CALENDAR\X64\RELEASE\MOC_MAINWINDOW.OBJ
D:\DEV\TKYOUTUBEDOWNLOADER\CALENDAR\X64\RELEASE\MOC_CXURLLIST.OBJ
D:\DEV\TKYOUTUBEDOWNLOADER\CALENDAR\X64\RELEASE\VC110.PDB
D:\DEV\TKYOUTUBEDOWNLOADER\CALENDAR\X64\RELEASE\QRC_RES.OBJ
D:\DEV\TKGITTOMOVIE\CALENDAR\X64\RELEASE\MAINWINDOW.OBJ
D:\DEV\TKGITTOMOVIE\CALENDAR\X64\RELEASE\MAIN.OBJ
D:\DEV\TKGITTOMOVIE\CALENDAR\X64\RELEASE\CXFULLIMAGELABEL.OBJ
D:\DEV\TKGITTOMOVIE\CALENDAR\X64\RELEASE\MOC_MAINWINDOW.OBJ
D:\DEV\TKGITTOMOVIE\CALENDAR\X64\RELEASE\MOC_CXFULLIMAGELABEL.OBJ
D:\DEV\TKGITTOMOVIE\CALENDAR\X64\RELEASE\VC110.PDB
D:\DEV\TKGITTOMOVIE\CALENDAR\X64\RELEASE\QRC_RES.OBJ
D:\DEV\TKYOUTUBEDOWNLOADER\CALENDAR\GENERATEDFILES\UI_PIECEWIDGET.H
D:\DEV\TKYOUTUBEDOWNLOADER\CALENDAR\GENERATEDFILES\RELEASE\MOC_CXURLLIST.CPP
D:\DEV\TKYOUTUBEDOWNLOADER\CALENDAR\GENERATEDFILES\QRC_RES.CPP
D:\DEV\TKYOUTUBEDOWNLOADER\CALENDAR\GENERATEDFILES\RELEASE\MOC_MAINWINDOW.CPP
D:\DEV\TKYOUTUBEDOWNLOADER\CALENDAR\GENERATEDFILES\UI_MAINWINDOW.H
D:\DEV\TKGITTOMOVIE\CALENDAR\GENERATEDFILES\RELEASE\MOC_CXFULLIMAGELABEL.CPP
D:\DEV\TKGITTOMOVIE\CALENDAR\GENERATEDFILES\RELEASE\MOC_MAINWINDOW.CPP
D:\DEV\TKGITTOMOVIE\CALENDAR\GENERATEDFILES\UI_MAINWINDOW.H
D:\DEV\TKGITTOMOVIE\CALENDAR\GENERATEDFILES\QRC_RES.CPP
D:\DEV\TKGITTOMOVIE\X64\RELEASE\CALENDAR.EXE
D:\DEV\TKYOUTUBEDOWNLOADER\CALENDAR\X64\RELEASE\CALENDAR.RES
D:\DEV\TKGITTOMOVIE\CALENDAR\X64\RELEASE\CALENDAR.RES
D:\dev\TKGitToMovie\calendar\x64\Release\cxfullimagelabel.obj
D:\dev\TKGitToMovie\calendar\x64\Release\cxurllist.obj
D:\dev\TKGitToMovie\calendar\x64\Release\main.obj
D:\dev\TKGitToMovie\calendar\x64\Release\mainwindow.obj
D:\dev\TKGitToMovie\calendar\x64\Release\moc_cxfullimagelabel.obj
D:\dev\TKGitToMovie\calendar\x64\Release\moc_cxurllist.obj
D:\dev\TKGitToMovie\calendar\x64\Release\moc_mainwindow.obj
D:\dev\TKGitToMovie\calendar\x64\Release\qrc_res.obj
D:\dev\TKGitToMovie\calendar\x64\Release\cl.command.1.tlog
D:\dev\TKGitToMovie\calendar\x64\Release\CL.read.1.tlog
D:\dev\TKGitToMovie\calendar\x64\Release\CL.write.1.tlog
D:\dev\TKGitToMovie\calendar\x64\Release\custombuild.command.1.tlog
D:\dev\TKGitToMovie\calendar\x64\Release\custombuild.read.1.tlog
D:\dev\TKGitToMovie\calendar\x64\Release\custombuild.write.1.tlog
D:\dev\TKGitToMovie\calendar\x64\Release\link-cvtres.read.1.tlog
D:\dev\TKGitToMovie\calendar\x64\Release\link-cvtres.write.1.tlog
D:\dev\TKGitToMovie\calendar\x64\Release\link-rc.read.1.tlog
D:\dev\TKGitToMovie\calendar\x64\Release\link-rc.write.1.tlog
D:\dev\TKGitToMovie\calendar\x64\Release\link.command.1.tlog
D:\dev\TKGitToMovie\calendar\x64\Release\link.read.1.tlog
D:\dev\TKGitToMovie\calendar\x64\Release\link.write.1.tlog
D:\dev\TKGitToMovie\calendar\x64\Release\rc.command.1.tlog
D:\dev\TKGitToMovie\calendar\x64\Release\rc.read.1.tlog
D:\dev\TKGitToMovie\calendar\x64\Release\rc.write.1.tlog
D:\dev\TKGitToMovie\calendar\x64\Release\calendar.res
D:\dev\TKGitToMovie\calendar\x64\Release\vc110.pdb
D:\dev\TKGitToMovie\x64\Release\calendar.exe
